2022.08.19 22:56:24 INFO  tracing is disabled for protocol LSP, to enable tracing of incoming and outgoing JSON messages create an empty file at /Users/prateekchauhan/Documents/Personal/Learning/Gatling-performance/gatling3-fundamentals/.metals/lsp.trace.json or /Users/prateekchauhan/Library/Caches/org.scalameta.metals/lsp.trace.json
2022.08.19 22:56:25 INFO  logging to file /Users/prateekchauhan/Documents/Personal/Learning/Gatling-performance/gatling3-fundamentals/.metals/metals.log
2022.08.19 22:56:25 INFO  Started: Metals version 0.11.8 in workspace '/Users/prateekchauhan/Documents/Personal/Learning/Gatling-performance/gatling3-fundamentals' for client Visual Studio Code 1.70.2.
2022.08.19 22:56:29 WARN  Flyway upgrade recommended: H2 2.1.214 is newer than this version of Flyway and support has not been tested. The latest supported version of H2 is 2.1.210.
2022.08.19 22:56:30 INFO  time: initialize in 5.33s
2022.08.19 22:56:30 WARN  Build server is not auto-connectable.
2022.08.19 22:56:31 WARN  no build target for: /Users/prateekchauhan/Documents/Personal/Learning/Gatling-performance/gatling3-fundamentals/src/test/scala/MySimulations.MyFirstTest.scala
2022.08.19 22:58:05 INFO  no build target found for /Users/prateekchauhan/Documents/Personal/Learning/Gatling-performance/gatling3-fundamentals/src/test/scala/MySimulations.MyFirstTest.scala. Using presentation compiler with project's scala-library version: 3.1.3
2022.08.19 22:58:11 WARN  no build target for: /Users/prateekchauhan/Documents/Personal/Learning/Gatling-performance/gatling3-fundamentals/src/test/scala/Engine.scala
2022.08.19 23:01:01 WARN  no build target for: /Users/prateekchauhan/Documents/Personal/Learning/Gatling-performance/gatling3-fundamentals/src/test/scala/Engine.scala
2022.08.19 23:01:14 INFO  shutting down Metals
2022.08.19 23:01:43 INFO  tracing is disabled for protocol LSP, to enable tracing of incoming and outgoing JSON messages create an empty file at /Users/prateekchauhan/Documents/Personal/Learning/Gatling-performance/gatling3-fundamentals/.metals/lsp.trace.json or /Users/prateekchauhan/Library/Caches/org.scalameta.metals/lsp.trace.json
2022.08.19 23:01:44 INFO  logging to file /Users/prateekchauhan/Documents/Personal/Learning/Gatling-performance/gatling3-fundamentals/.metals/metals.log
2022.08.19 23:01:44 INFO  Started: Metals version 0.11.8 in workspace '/Users/prateekchauhan/Documents/Personal/Learning/Gatling-performance/gatling3-fundamentals' for client Visual Studio Code 1.70.2.
2022.08.19 23:01:45 WARN  Flyway upgrade recommended: H2 2.1.214 is newer than this version of Flyway and support has not been tested. The latest supported version of H2 is 2.1.210.
2022.08.19 23:01:45 INFO  time: initialize in 1.72s
2022.08.19 23:01:46 WARN  Build server is not auto-connectable.
2022.08.19 23:01:46 WARN  no build target for: /Users/prateekchauhan/Documents/Personal/Learning/Gatling-performance/gatling3-fundamentals/src/test/scala/Engine.scala
2022.08.19 23:01:47 INFO  skipping build import with status 'Requested'
2022.08.19 23:01:50 INFO  no build target found for /Users/prateekchauhan/Documents/Personal/Learning/Gatling-performance/gatling3-fundamentals/src/test/scala/Engine.scala. Using presentation compiler with project's scala-library version: 3.1.3
2022.08.19 23:01:52 INFO  time: code lens generation in 5.54s
2022.08.22 12:05:23 INFO  shutting down Metals
2022.08.22 13:49:31 INFO  tracing is disabled for protocol LSP, to enable tracing of incoming and outgoing JSON messages create an empty file at /Users/prateekchauhan/Documents/Personal/Learning/Gatling-performance/gatling3-fundamentals/.metals/lsp.trace.json or /Users/prateekchauhan/Library/Caches/org.scalameta.metals/lsp.trace.json
2022.08.22 13:49:32 INFO  logging to file /Users/prateekchauhan/Documents/Personal/Learning/Gatling-performance/gatling3-fundamentals/.metals/metals.log
2022.08.22 13:49:32 INFO  Started: Metals version 0.11.8 in workspace '/Users/prateekchauhan/Documents/Personal/Learning/Gatling-performance/gatling3-fundamentals' for client Visual Studio Code 1.70.2.
2022.08.22 13:49:33 WARN  Flyway upgrade recommended: H2 2.1.214 is newer than this version of Flyway and support has not been tested. The latest supported version of H2 is 2.1.210.
2022.08.22 13:49:34 INFO  time: initialize in 1.72s
2022.08.22 13:49:35 WARN  Build server is not auto-connectable.
2022.08.22 13:49:35 WARN  no build target for: /Users/prateekchauhan/Documents/Personal/Learning/Gatling-performance/gatling3-fundamentals/src/test/scala/Engine.scala
2022.08.22 13:49:35 INFO  skipping build import with status 'Requested'
2022.08.22 13:49:35 INFO  shutting down Metals
2022.08.22 13:49:39 INFO  no build target found for /Users/prateekchauhan/Documents/Personal/Learning/Gatling-performance/gatling3-fundamentals/src/test/scala/Engine.scala. Using presentation compiler with project's scala-library version: 3.1.3
2022.08.22 13:49:39 WARN  Flyway upgrade recommended: H2 2.1.214 is newer than this version of Flyway and support has not been tested. The latest supported version of H2 is 2.1.210.
java.util.concurrent.RejectedExecutionException: Task Future(<not completed>) rejected from java.util.concurrent.ThreadPoolExecutor@7f023204[Shutting down, pool size = 1, active threads = 1, queued tasks = 0, completed tasks = 118]
	at java.util.concurrent.ThreadPoolExecutor$AbortPolicy.rejectedExecution(ThreadPoolExecutor.java:2063)
	at java.util.concurrent.ThreadPoolExecutor.reject(ThreadPoolExecutor.java:830)
	at java.util.concurrent.ThreadPoolExecutor.execute(ThreadPoolExecutor.java:1379)
	at scala.concurrent.impl.ExecutionContextImpl.execute(ExecutionContextImpl.scala:21)
	at scala.concurrent.impl.Promise$Transformation.submitWithValue(Promise.scala:429)
	at scala.concurrent.impl.Promise$DefaultPromise.submitWithValue(Promise.scala:338)
	at scala.concurrent.impl.Promise$DefaultPromise.tryComplete0(Promise.scala:285)
	at scala.concurrent.impl.Promise$Transformation.handleFailure(Promise.scala:444)
	at scala.concurrent.impl.Promise$Transformation.run(Promise.scala:506)
	at java.util.concurrent.ThreadPoolExecutor.runWorker(ThreadPoolExecutor.java:1149)
	at java.util.concurrent.ThreadPoolExecutor$Worker.run(ThreadPoolExecutor.java:624)
	at java.lang.Thread.run(Thread.java:748)
2022.08.22 14:00:12 INFO  tracing is disabled for protocol LSP, to enable tracing of incoming and outgoing JSON messages create an empty file at /Users/prateekchauhan/Documents/Personal/Learning/Gatling-performance/gatling3-fundamentals/.metals/lsp.trace.json or /Users/prateekchauhan/Library/Caches/org.scalameta.metals/lsp.trace.json
2022.08.22 14:00:12 INFO  logging to file /Users/prateekchauhan/Documents/Personal/Learning/Gatling-performance/gatling3-fundamentals/.metals/metals.log
2022.08.22 14:00:12 INFO  Started: Metals version 0.11.8 in workspace '/Users/prateekchauhan/Documents/Personal/Learning/Gatling-performance/gatling3-fundamentals' for client Visual Studio Code 1.70.2.
2022.08.22 14:00:13 WARN  Flyway upgrade recommended: H2 2.1.214 is newer than this version of Flyway and support has not been tested. The latest supported version of H2 is 2.1.210.
2022.08.22 14:00:14 INFO  time: initialize in 1.79s
2022.08.22 14:00:15 WARN  Build server is not auto-connectable.
2022.08.22 14:00:15 WARN  no build target for: /Users/prateekchauhan/Documents/Personal/Learning/Gatling-performance/gatling3-fundamentals/src/test/scala/Engine.scala
2022.08.22 14:00:15 INFO  skipping build import with status 'Requested'
2022.08.22 14:00:19 INFO  no build target found for /Users/prateekchauhan/Documents/Personal/Learning/Gatling-performance/gatling3-fundamentals/src/test/scala/Engine.scala. Using presentation compiler with project's scala-library version: 3.1.3
2022.08.22 14:00:22 INFO  time: code lens generation in 5.06s
2022.08.22 14:06:26 INFO  shutting down Metals
2022.08.22 17:08:35 INFO  tracing is disabled for protocol LSP, to enable tracing of incoming and outgoing JSON messages create an empty file at /Users/prateekchauhan/Documents/Personal/Learning/Gatling-performance/gatling3-fundamentals/.metals/lsp.trace.json or /Users/prateekchauhan/Library/Caches/org.scalameta.metals/lsp.trace.json
2022.08.22 17:08:36 INFO  logging to file /Users/prateekchauhan/Documents/Personal/Learning/Gatling-performance/gatling3-fundamentals/.metals/metals.log
2022.08.22 17:08:36 INFO  Started: Metals version 0.11.8 in workspace '/Users/prateekchauhan/Documents/Personal/Learning/Gatling-performance/gatling3-fundamentals' for client Visual Studio Code 1.70.2.
2022.08.22 17:08:37 WARN  Flyway upgrade recommended: H2 2.1.214 is newer than this version of Flyway and support has not been tested. The latest supported version of H2 is 2.1.210.
2022.08.22 17:08:37 INFO  time: initialize in 1.64s
2022.08.22 17:08:37 WARN  Build server is not auto-connectable.
2022.08.22 17:08:38 WARN  no build target for: /Users/prateekchauhan/Documents/Personal/Learning/Gatling-performance/gatling3-fundamentals/src/test/scala/Engine.scala
2022.08.22 17:08:38 INFO  skipping build import with status 'Requested'
2022.08.22 17:08:41 INFO  no build target found for /Users/prateekchauhan/Documents/Personal/Learning/Gatling-performance/gatling3-fundamentals/src/test/scala/Engine.scala. Using presentation compiler with project's scala-library version: 3.1.3
2022.08.22 17:11:05 INFO  shutting down Metals
